2024-12-24 23:59:58 /var/log/auth.log CREATE
2024-12-25 00:30:01 /sys/class/scsi_host/host2/scan MODIFY
2024-12-25 01:15:03 /var/cache/apt/archives/libssl1.1_1.1.1f-1ubuntu2_amd64.deb CLOSE_WRITE,CLOSE
2024-12-25 02:31:05 /dev/disk/by-id/ata-SanDisk_SSDPLUS_512G_5C0E4F5300000010 DELETE
2024-12-25 03:00:07 /var/log/ufw.log MODIFY
2024-12-25 04:30:09 /sys/class/net/wlan1/statistics/packets CLOSE_WRITE,CLOSE
2024-12-25 05:31:11 /etc/postfix/main.cf CREATE
2024-12-25 06:15:13 /var/log/mysql/query.log MODIFY
2024-12-25 07:30:15 /sys/class/gpio/gpiochip14/value CLOSE_WRITE,CLOSE
2024-12-25 08:31:17 /dev/vdb1 CLOSE_WRITE,CLOSE
2024-12-25 09:00:19 /var/log/apache2/error.log MODIFY
2024-12-25 10:30:21 /sys/class/scsi_host/host0/scan CREATE
2024-12-25 11:31:23 /etc/dpkg/status MODIFY
2024-12-25 12:15:25 /var/cache/apt/archives/python3_3.9.5-1ubuntu2_amd64.deb CLOSE_WRITE,CLOSE
2024-12-25 13:30:27 /sys/class/net/eth0/statistics/rx_bytes MODIFY
2024-12-25 14:31:29 /var/log/apt/history.log CREATE
2024-12-25 15:00:31 /var/log/syslog MODIFY
2024-12-25 16:30:33 /sys/class/gpio/gpiochip13/value MODIFY
2024-12-25 17:31:35 /dev/disk/by-id/ata-WDC_WD10EZEX-00L7NA0_5C1E4F5300000015 DELETE
2024-12-25 18:15:37 /var/log/mysql/error.log MODIFY
2024-12-25 19:30:39 /sys/class/scsi_host/host2/scan MODIFY
2024-12-25 20:31:41 /etc/postfix/master.cf CLOSE_WRITE,CLOSE
2024-12-25 21:00:43 /var/log/ufw.log CREATE
2024-12-25 22:30:45 /sys/class/net/wlan0/statistics/packets MODIFY
2024-12-25 23:31:47 /dev/vdb1 CLOSE_WRITE,CLOSE
2024-12-26 00:15:49 /var/cache/apt/archives/nginx_1.18.0-5ubuntu2_amd64.deb CLOSE_WRITE,CLOSE
2024-12-26 01:30:51 /sys/class/gpio/gpiochip14/value MODIFY
2024-12-26 02:31:53 /etc/dpkg/status CREATE
2024-12-26 03:15:55 /var/log/mysql/query.log CREATE
2024-12-26 04:30:57 /sys/class/scsi_host/host0/scan MODIFY
2024-12-26 05:31:59 /dev/disk/by-id/ata-SanDisk_SSDPLUS_512G_5C0E4F5300000010 CREATE
2024-12-26 06:15:01 /var/log/apache2/error.log CLOSE_WRITE,CLOSE
2024-12-26 07:30:03 /sys/class/net/eth0/statistics/rx_packets MODIFY
2024-12-26 08:31:05 /etc/postfix/main.cf MODIFY
2024-12-26 09:00:07 /var/log/apt/history.log MODIFY
2024-12-26 10:30:09 /sys/class/gpio/gpiochip13/value CREATE
2024-12-26 11:31:11 /dev/vdb1 CLOSE_WRITE,CLOSE
2024-12-26 12:15:13 /var/cache/apt/archives/python3.9_3.9.5-1ubuntu2_amd64.deb CLOSE_WRITE,CLOSE
2024-12-26 13:30:15 /sys/class/scsi_host/host2/scan CLOSE_WRITE,CLOSE
2024-12-26 14:31:17 /etc/dpkg/status MODIFY
2024-12-26 15:00:19 /var/log/mysql/error.log CREATE
2024-12-26 16:30:21 /sys/class/net/wlan1/statistics/rx_bytes MODIFY
2024-12-26 17:31:23 /dev/disk/by-id/ata-WDC_WD10EZEX-00L7NA0_5C1E4F5300000015 CLOSE_WRITE,CLOSE
2024-12-26 18:15:25 /var/log/apache2/access.log MODIFY
2024-12-26 19:30:27 /sys/class/gpio/gpiochip14/value MODIFY
2024-12-26 20:31:29 /etc/postfix/master.cf CREATE
2024-12-26 21:00:31 /var/log/ufw.log CLOSE_WRITE,CLOSE
2024-12-26 22:30:33 /sys/class/scsi_host/host0/scan MODIFY
2024-12-26 23:31:35 /dev/vdb1 CREATE
2024-12-27 00:15:37 /var/cache/apt/archives/nginx-common_1.18.0-5ubuntu2_all.deb CLOSE_WRITE,CLOSE
2024-12-27 01:30:39 /sys/class/net/eth0/statistics/rx_packets MODIFY
2024-12-27 02:31:41 /etc/dpkg/status CREATE
2024-12-27 03:15:43 /var/log/mysql/query.log CLOSE_WRITE,CLOSE
2024-12-27 04:30:45 /sys/class/gpio/gpiochip13/value MODIFY
2024-12-27 05:31:47 /dev/disk/by-id/ata-SanDisk_SSDPLUS_512G_5C0E4F5300000010 CLOSE_WRITE,CLOSE
2024-12-27 06:15:49 /var/log/apache2/error.log MODIFY
2024-12-27 07:30:51 /sys/class/scsi_host/host2/scan CREATE
2024-12-27 08:31:53 /etc/postfix/main.cf CLOSE_WRITE,CLOSE
2024-12-27 09:00:55 /var/log/apt/history.log MODIFY
2024-12-27 10:30:57 /sys/class/net/wlan0/statistics/packets CLOSE_WRITE,CLOSE
2024-12-27 11:31:59 /dev/vdb1 CLOSE_WRITE,CLOSE
2024-12-27 12:15:01 /var/cache/apt/archives/python3.9_3.9.5-1ubuntu2_amd64.deb CREATE
2024-12-27 13:30:03 /sys/class/gpio/gpiochip14/value CLOSE_WRITE,CLOSE
2024-12-27 14:31:05 /etc/dpkg/status MODIFY
2024-12-27 15:00:07 /var/log/mysql/error.log MODIFY
2024-12-27 16:30:09 /sys/class/scsi_host/host0/scan CLOSE_WRITE,CLOSE
2024-12-27 17:31:11 /dev/disk/by-id/ata-WDC_WD10EZEX-00L7NA0_5C1E4F5300000015 MODIFY
2024-12-27 18:15:13 /var/log/apache2/access.log CLOSE_WRITE,CLOSE
2024-12-27 19:30:15 /sys/class/gpio/gpiochip13/value CREATE
2024-12-27 20:31:17 /etc/postfix/master.cf MODIFY
2024-12-27 21:00:19 /var/log/ufw.log MODIFY
2024-12-27 22:30:21 /sys/class/scsi_host/host2/scan MODIFY
2024-12-27 23:31:23 /dev/vdb1 CREATE
2024-12-28 00:15:25 /var/cache/apt/archives/nginx_1.18.0-5ubuntu2_amd64.deb CLOSE_WRITE,CLOSE
2024-12-28 01:30:27 /sys/class/net/eth0/statistics/rx_bytes MODIFY
2024-12-28 02:31:29 /etc/dpkg/status CREATE
2024-12-28 03:15:31 /var/log/mysql/query.log MODIFY
2024-12-28 04:30:33 /sys/class/gpio/gpiochip14/value MODIFY
2024-12-28 05:31:35 /dev/disk/by-id/ata-SanDisk_SSDPLUS_512G_5C0E4F5300000010 CLOSE_WRITE,CLOSE
2024-12-28 06:15:37 /var/log/apache2/error.log CLOSE_WRITE,CLOSE
2024-12-28 07:30:39 /sys/class/scsi_host/host0/scan CREATE
2024-12-28 08:31:41 /etc/postfix/main.cf MODIFY
2024-12-28 09:00:43 /var/log/apt/history.log CLOSE_WRITE,CLOSE
2024-12-28 10:30:45 /sys/class/net/wlan1/statistics/rx_packets MODIFY
2024-12-28 11:31:47 /dev/vdb1 CLOSE_WRITE,CLOSE
2024-12-28 12:15:49 /var/cache/apt/archives/python3_3.9.5-1ubuntu2_amd64.deb CLOSE_WRITE,CLOSE
2024-12-28 13:30:51 /sys/class/gpio/gpiochip13/value MODIFY
2024-12-28 14:31:53 /etc/dpkg/status MODIFY
2024-12-28 15:00:55 /var/log/mysql/error.log CREATE
2024-12-28 16:30:57 /sys/class/scsi_host/host2/scan CLOSE_WRITE,CLOSE
2024-12-28 17:31:59 /dev/disk/by-id/ata-WDC_WD10EZEX-00L7NA0_5C1E4F5300000015 MODIFY
2024-12-28 18:15:01 /var/log/apache2/access.log MODIFY
2024-12-28 19:30:03 /sys/class/gpio/gpiochip14/value CLOSE_WRITE,CLOSE
2024-12-28 20:31:05 /etc/postfix/master.cf CLOSE_WRITE,CLOSE
2024-12-28 21:00:07 /var/log/ufw.log MODIFY
2024-12-28 22:30:09 /sys/class/scsi_host/host0/scan MODIFY
2024-12-28 23:31:11 /dev/vdb1 CREATE
2024-12-29 00:15:13 /var/cache/apt/archives/nginx-common_1.18.0-5ubuntu2_all.deb CLOSE_WRITE,CLOSE
2024-12-29 01:30:15 /sys/class/net/eth0/statistics/rx_packets MODIFY
2024-12-29 02:31:17 /etc/dpkg/status CREATE
2024-12-29 03:15:19 /var/log/mysql/query.log CLOSE_WRITE,CLOSE
2024-12-29 04:30:21 /sys/class/gpio/gpiochip13/value MODIFY
2024-12-29 05:31:23 /dev/disk/by-id/ata-SanDisk_SSDPLUS_512G_5C0E4F5300000010 CLOSE_WRITE,CLOSE
2024-12-29 06:15:25 /var/log/apache2/error.log MODIFY
2024-12-29 07:30:27 /sys/class/scsi_host/host2/scan CREATE
2024-12-29 08:31:29 /etc/postfix/main.cf MODIFY
2024-12-29 09:00:31 /var/log/apt/history.log CLOSE_WRITE,CLOSE
2024-12-29 10:30:33 /sys/class/net/wlan0/statistics/packets CLOSE_WRITE,CLOSE
2024-12-29 11:31:35 /dev/vdb1 CLOSE_WRITE,CLOSE
2024-12-29 12:15:37 /var/cache/apt/archives/python3.9_3.9.5-1ubuntu2_amd64.deb CREATE
2024-12-29 13:30:39 /sys/class/gpio/gpiochip14/value MODIFY
2024-12-29 14:31:41 /etc/dpkg/status MODIFY
2024-12-29 15:00:43 /var/log/mysql/error.log CREATE
2024-12-29 16:30:45 /sys/class/scsi_host/host0/scan CLOSE_WRITE,CLOSE
2024-12-29 17:31:47 /dev/disk/by-id/ata-WDC_WD10EZEX-00L7NA0_5C1E4F5300000015 MODIFY
2024-12-29 18:15:49 /var/log/apache2/access.log MODIFY
2024-12-29 19:30:51 /sys/class/gpio/gpiochip13/value CLOSE_WRITE,CLOSE
2024-12-29 20:31:53 /etc/postfix/master.cf CLOSE_WRITE,CLOSE
2024-12-29 21:00:55 /var/log/ufw.log MODIFY
2024-12-29 22:30:57 /sys/class/scsi_host/host2/scan MODIFY
2024-12-29 23:31:59 /dev/vdb1 CREATE
2024-12-30 00:15:01 /var/cache/apt/archives/nginx_1.18.0-5ubuntu2_amd64.deb CLOSE_WRITE,CLOSE
2024-12-30 01:30:03 /sys/class/net/eth0/statistics/rx_bytes MODIFY
2024-12-30 02:31:05 /etc/dpkg/status CREATE
2024-12-30 03:15:07 /var/log/mysql/query.log CLOSE_WRITE,CLOSE
2024-12-30 04:30:09 /sys/class/gpio/gpiochip14/value MODIFY
2024-12-30 05:31:11 /dev/disk/by-id/ata-SanDisk_SSDPLUS_512G_5C0E4F5300000010 CLOSE_WRITE,CLOSE
2024-12-30 06:15:13 /var/log/apache2/error.log MODIFY
2024-12-30 07:30:15 /sys/class/scsi_host/host0/scan CREATE
2024-12-30 08:31:17 /etc/postfix/main.cf MODIFY
2024-12-30 09:00:19 /var/log/apt/history.log CLOSE_WRITE,CLOSE
2024-12-30 10:30:21 /sys/class/net/wlan1/statistics/rx_packets MODIFY
2024-12-30 11:31:23 /dev/vdb1 CLOSE_WRITE,CLOSE
2024-12-30 12:15:25 /var/cache/apt/archives/python3_3.9.5-1ubuntu2_amd64.deb CREATE
2024-12-30 13:30:27 /sys/class/gpio/gpiochip13/value MODIFY
2024-12-30 14:31:29 /etc/dpkg/status MODIFY
2024-12-30 15:00:31 /var/log/mysql/error.log CREATE
2024-12-30 16:30:33 /sys/class/scsi_host/host2/scan CLOSE_WRITE,CLOSE
2024-12-30 17:31:35 /dev/disk/by-id/ata-WDC_WD10EZEX-00L7NA0_5C1E4F5300000015 MODIFY
2024-12-30 18:15:37 /var/log/apache2/access.log MODIFY
2024-12-30 19:30:39 /sys/class/gpio/gpiochip14/value CLOSE_WRITE,CLOSE
2024-12-30 20:31:41 /etc/postfix/master.cf CLOSE_WRITE,CLOSE
2024-12-30 21:00:43 /var/log/ufw.log MODIFY
2024-12-30 22:30:45 /sys/class/scsi_host/host0/scan MODIFY
2024-12-30 23:31:47 /dev/vdb1 CREATE
2024-12-31 00:15:49 /var/cache/apt/archives/nginx-common_1.18.0-5ubuntu2_all.deb CLOSE_WRITE,CLOSE
2024-12-31 01:30:51 /sys/class/net/eth0/statistics/rx_packets MODIFY
2024-12-31 02:31:53 /etc/dpkg/status CREATE
2024-12-31 03:15:55 /var/log/mysql/query.log CLOSE_WRITE,CLOSE
2024-12-31 04:30:57 /sys/class/gpio/gpiochip13/value MODIFY
2024-12-31 05:31:59 /dev/disk/by-id/ata-SanDisk_SSDPLUS_512G_5C0E4F5300000010 CLOSE_WRITE,CLOSE
2024-12-31 06:15:01 /var/log/apache2/error.log MODIFY
2024-12-31 07:30:03 /sys/class/scsi_host/host2/scan CREATE
2024-12-31 08:31:05 /etc/postfix/main.cf MODIFY
2024-12-31 09:00:07 /var/log/apt/history.log CLOSE_WRITE,CLOSE
2024-12-31 10:30:09 /sys/class/net/wlan0/statistics/packets CLOSE_WRITE,CLOSE
2024-12-31 11:31:11 /dev/vdb1 CLOSE_WRITE,CLOSE
2024-12-31 12:15:13 /var/cache/apt/archives/python3.9_3.9.5-1ubuntu2_amd64.deb CREATE
2024-12-31 13:30:15 /sys/class/gpio/gpiochip14/value MODIFY
2024-12-31 14:31:17 /etc/dpkg/status MODIFY
2024-12-31 15:00:19 /var/log/mysql/error.log CREATE
2024-12-31 16:30:21 /sys/class/scsi_host/host0/scan CLOSE_WRITE,CLOSE
2024-12-31 17:31:23 /dev/disk/by-id/ata-WDC_WD10EZEX-00L7NA0_5C1E4F5300000015 MODIFY
2024-12-31 18:15:25 /var/log/apache2/access.log MODIFY
2024-12-31 19:30:27 /sys/class/gpio/gpiochip13/value CLOSE_WRITE,CLOSE
2024-12-31 20:31:29 /etc/postfix/master.cf CLOSE_WRITE,CLOSE
2024-12-31 21:00:31 /var/log/ufw.log MODIFY
2024-12-31 22:30:33 /sys/class/scsi_host/host2/scan MODIFY
2025-01-01 00:15:35 /var/cache/apt/archives/nginx_1.18.0-5ubuntu2_amd64.deb CLOSE_WRITE,CLOSE
2025-01-01 01:30:37 /sys/class/net/eth0/statistics/rx_bytes MODIFY
2025-01-01 02:31:39 /etc/dpkg/status CREATE
2025-01-01 03:15:41 /var/log/mysql/query.log CLOSE_WRITE,CLOSE
2025-01-01 04:30:43 /sys/class/gpio/gpiochip14/value MODIFY
2025-01-01 05:31:45 /dev/disk/by-id/ata-SanDisk_SSDPLUS_512G_5C0E4F5300000010 CLOSE_WRITE,CLOSE
2025-01-01 06:15:47 /var/log/apache2/error.log MODIFY
2025-01-01 07:30:49 /sys/class/scsi_host/host0/scan CREATE
2025-01-01 08:31:51 /etc/postfix/main.cf MODIFY
2025-01-01 09:00:53 /var/log/apt/history.log CLOSE_WRITE,CLOSE
2025-01-01 10:30:55 /sys/class/net/wlan1/statistics/rx_packets MODIFY
2025-01-01 11:31:57 /dev/vdb1 CLOSE_WRITE,CLOSE
2025-01-01 12:15:59 /var/cache/apt/archives/python3_3.9.5-1ubuntu2_amd64.deb CREATE
2025-01-01 13:30:01 /sys/class/gpio/gpiochip13/value MODIFY
2025-01-01 14:31:03 /etc/dpkg/status MODIFY
2025-01-01 15:00:05 /var/log/mysql/error.log CREATE
2025-01-01 16:30:07 /sys/class/scsi_host/host2/scan CLOSE_WRITE,CLOSE
2025-01-01 17:31:09 /dev/disk/by-id/ata-WDC_WD10EZEX-00L7NA0_5C1E4F5300000015 MODIFY
2025-01-01 18:15:11 /var/log/apache2/access.log MODIFY
2025-01-01 19:30:13 /sys/class/gpio/gpiochip14/value CLOSE_WRITE,CLOSE
2025-01-01 20:31:15 /etc/postfix/master.cf CLOSE_WRITE,CLOSE
2025-01-01 21:00:17 /var/log/ufw.log MODIFY
2025-01-01 22:30:19 /sys/class/scsi_host/host0/scan MODIFY
2025-01-01 23:31:21 /dev/vdb1 CREATE
2025-01-02 00:15:23 /var/cache/apt/archives/nginx-common_1.18.0-5ubuntu2_all.deb CLOSE_WRITE,CLOSE
2025-01-02 01:30:25 /sys/class/net/eth0/statistics/rx_packets MODIFY
2025-01-02 02:31:27 /etc/dpkg/status CREATE
2025-01-02 03:15:29 /var/log/mysql/query.log CLOSE_WRITE,CLOSE
2025-01-02 04:30:31 /sys/class/gpio/gpiochip13/value MODIFY
2025-01-02 05:31:33 /dev/disk/by-id/ata-SanDisk_SSDPLUS_512G_5C0E4F5300000010 CLOSE_WRITE,CLOSE
2025-01-02 06:15:35 /var/log/apache2/error.log MODIFY
2025-01-02 07:30:37 /sys/class/scsi_host/host2/scan CREATE
2025-01-02 08:31:39 /etc/postfix/main.cf MODIFY
2025-01-02 09:00:41 /var/log/apt/history.log CLOSE_WRITE,CLOSE
2025-01-02 10:30:43 /sys/class/net/wlan0/statistics/packets CLOSE_WRITE,CLOSE
2025-01-02 11:31:45 /dev/vdb1 CLOSE_WRITE,CLOSE
2025-01-02 12:15:47 /var/cache/apt/archives/python3.9_3.9.5-1ubuntu2_amd64.deb CREATE
2025-01-02 13:30:49 /sys/class/gpio/gpiochip14/value MODIFY
2025-01-02 14:31:51 /etc/dpkg/status MODIFY
2025-01-02 15:00:53 /var/log/mysql/error.log CREATE
2025-01-02 16:30:55 /sys/class/scsi_host/host0/scan CLOSE_WRITE,CLOSE
2025-01-02 17:31:57 /dev/disk/by-id/ata-WDC_WD10EZEX-00L7NA0_5C1E4F5300000015 MODIFY
2025-01-02 18:15:59 /var/log/apache2/access.log MODIFY
2025-01-02 19:30:01 /sys/class/gpio/gpiochip13/value CLOSE_WRITE,CLOSE
2025-01-02 20:31:03 /etc/postfix/master.cf CLOSE_WRITE,CLOSE
2025-01-02 21:00:05 /var/log/ufw.log MODIFY
2025-01-02 22:30:07 /sys/class/scsi_host/host2/scan MODIFY
2025-01-02 23:31:09 /dev/vdb1 CREATE
2025-01-03 00:15:11 /var/cache/apt/archives/nginx_1.18.0-5ubuntu2_amd64.deb CLOSE_WRITE,CLOSE
2025-01-03 01:30:13 /sys/class/net/eth0/statistics/rx_bytes MODIFY
2025-01-03 02:31:15 /etc/dpkg/status CREATE
2025-01-03 03:15:17 /var/log/mysql/query.log CLOSE_WRITE,CLOSE
2025-01-03 04:30:19 /sys/class/gpio/gpiochip14/value MODIFY
2025-01-03 05:31:21 /dev/disk/by-id/ata-SanDisk_SSDPLUS_512G_5C0E4F5300000010 CLOSE_WRITE,CLOSE
2025-01-03 06:15:23 /var/log/apache2/error.log MODIFY
2025-01-03 07:30:25 /sys/class/scsi_host/host0/scan CREATE
2025-01-03 08:31:27 /etc/postfix/main.cf MODIFY
2025-01-03 09:00:29 /var/log/apt/history.log CLOSE_WRITE,CLOSE
2025-01-03 10:30:31 /sys/class/net/wlan1/statistics/rx_packets MODIFY
2025-01-03 11:31:33 /dev/vdb1 CLOSE_WRITE,CLOSE
2025-01-03 12:15:35 /var/cache/apt/archives/python3_3.9.5-1ubuntu2_amd64.deb CREATE
2025-01-03 13:30:37 /sys/class/gpio/gpiochip13/value MODIFY
2025-01-03 14:31:39 /etc/dpkg/status MODIFY
2025-01-03 15:00:41 /var/log/mysql/error.log CREATE
2025-01-03 16:30:43 /sys/class/scsi_host/host2/scan CLOSE_WRITE,CLOSE
2025-01-03 17:31:45 /dev/disk/by-id/ata-WDC_WD10EZEX-00L7NA0_5C1E4F5300000015 MODIFY
2025-01-03 18:15:47 /var/log/apache2/access.log MODIFY
2025-01-03 19:30:49 /sys/class/gpio/gpiochip14/value CLOSE_WRITE,CLOSE
2025-01-03 20:31:51 /etc/postfix/master.cf CLOSE_WRITE,CLOSE
2025-01-03 21:00:53 /var/log/ufw.log MODIFY
2025-01-03 22:30:55 /sys/class/scsi_host/host0/scan MODIFY
2025-01-03 23:31:57 /dev/vdb1 CREATE
2025-01-04 00:15:59 /var/cache/apt/archives/nginx-common_1.18.0-5ubuntu2_all.deb CLOSE_WRITE,CLOSE
2025-01-04 01:30:01 /sys/class/net/eth0/statistics/rx_packets MODIFY
2025-01-04 02:31:03 /etc/dpkg/status CREATE
2025-01-04 03:15:05 /var/log/mysql/query.log CLOSE_WRITE,CLOSE
2025-01-04 04:30:07 /sys/class/gpio/gpiochip13/value MODIFY
2025-01-04 05:31:09 /dev/disk/by-id/ata-SanDisk_SSDPLUS_512G_5C0E4F5300000010 CLOSE_WRITE,CLOSE
2025-01-04 06:15:11 /var/log/apache2/error.log MODIFY
2025-01-04 07:30:13 /sys/class/scsi_host/host2/scan CREATE
2025-01-04 08:31:15 /etc/postfix/main.cf MODIFY
2025-01-04 09:00:17 /var/log/apt/history.log CLOSE_WRITE,CLOSE
2025-01-04 10:30:19 /sys/class/net/wlan0/statistics/packets CLOSE_WRITE,CLOSE
2025-01-04 11:31:21 /dev/vdb1 CLOSE_WRITE,CLOSE
2025-01-04 12:15:23 /var/cache/apt/archives/python3.9_3.9.5-1ubuntu2_amd64.deb CREATE
2025-01-04 13:30:25 /sys/class/gpio/gpiochip14,value MODIFY
2025-01-04 14:31:27 /etc/dpkg/status MODIFY
2025-01-04 15:00:29 /var/log/mysql/error.log CREATE
2025-01-04 16:30:31 /sys/class/scsi_host/host0/scan CLOSE_WRITE,CLOSE
2025-01-04 17:31:33 /dev/disk/by-id/ata-WDC_WD10EZEX-00L7NA0_5C1E4F5300000015 MODIFY
2025-01-04 18:15:35 /var/log/apache2/access.log MODIFY
2025-01-04 19:30:37 /sys/class/gpio/gpiochip13,value CLOSE_WRITE,CLOSE
2025-01-04 20:31:39 /etc/postfix/master.cf CLOSE_WRITE,CLOSE
2025-01-04 21:00:41 /var/log/ufw.log MODIFY
2025-01-04 22:30:43 /sys/class/scsi_host/host2/scan MODIFY
2025-01-04 23:31:45 /dev/vdb1 CREATE
2025-01-05 00:16:01 /var/cache/apt/archives/nginx_1.18.0-5ubuntu2_amd64.deb CLOSE_WRITE,CLOSE
2025-01-05 01:30:03 /sys/class/net/eth0/statistics/rx_bytes MODIFY
2025-01-05 02:31:05 /etc/dpkg/status CREATE
2025-01-05 03:15:07 /var/log/mysql/query.log CLOSE_WRITE,CLOSE
2025-01-05 04:30:09 /sys/class/gpio/gpiochip14,value MODIFY
2025-01-05 05:31:11 /dev/disk/by-id/ata-SanDisk_SSDPLUS_512G_5C0E4F5300000010 CLOSE_WRITE,CLOSE
2025-01-05 06:15:13 /var/log/apache2/error.log MODIFY
2025-01-05 07:30:15 /sys/class/scsi_host/host0/scan CREATE
2025-01-05 08:31:17 /etc/postfix/main.cf MODIFY
2025-01-05 09:00:21 /var/log/apt/history.log CLOSE_WRITE,CLOSE
2025-01-05 10:30:23 /sys/class/net/wlan1/statistics/rx_packets MODIFY
2025-01-05 11:31:25 /dev/vdb1 CLOSE_WRITE,CLOSE
2025-01-05 12:15:27 /var/cache/apt/archives/python3_3.9.5-1ubuntu2_amd64.deb CREATE
2025-01-05 13:30:29 /sys/class/gpio/gpiochip13,value MODIFY
2025-01-05 14:31:31 /etc/dpkg/status MODIFY
2025-01-05 15:00:33 /var/log/mysql/error.log CREATE
2025-01-05 16:30:35 /sys/class/scsi_host/host0/scan CLOSE_WRITE,CLOSE
2025-01-05 17:31:37 /dev/disk/by-id/ata-WDC_WD10EZEX-00L7NA0_5C1E4F5300000015 MODIFY
2025-01-05 18:15:39 /var/log/apache2/access.log MODIFY
2025-01-05 19:30:41 /sys/class/gpio/gpiochip14,value CLOSE_WRITE,CLOSE
2025-01-05 20:31:43 /etc/postfix/master.cf CLOSE_WRITE,CLOSE
2025-01-05 21:00:45 /var/log/ufw.log MODIFY
2025-01-05 22:30:47 /sys/class/scsi_host/host2/scan MODIFY
2025-01-05 22:37:28 /dev/null CLOSE_WRITE,CLOSE
2025-01-05 22:37:30 /run/motd.dynamic.new CREATE
2025-01-05 22:37:30 /run/motd.dynamic.new MODIFY
2025-01-05 22:37:30 /run/motd.dynamic.new CLOSE_WRITE,CLOSE
2025-01-05 22:37:30 /run/motd.dynamic MOVED_TO
2025-01-05 22:37:30 /dev/null CLOSE_WRITE,CLOSE
2025-01-05 22:37:30 /home/ronnie/file.txt CREATE
2025-01-05 22:37:30 /home/ronnie/file.txt MODIFY
2025-01-05 22:37:30 /home/ronnie/file.txt MODIFY
2025-01-05 22:37:30 /home/ronnie/file.txt CLOSE_WRITE,CLOSE
2025-01-05 22:37:32 /dev/null CLOSE_WRITE,CLOSE
2025-01-05 23:31:49 /dev/vdb1 CREATE
2025-01-06 00:16:07 /var/cache/apt/archives/nginx-common_1.18.0-5ubuntu2_all.deb CLOSE_WRITE,CLOSE
2025-01-06 01:30:09 /sys/class/net/eth0/statistics/rx_packets MODIFY
2025-01-06 02:31:11 /etc/dpkg/status CREATE
2025-01-06 03:15:13 /var/log/mysql/query.log CLOSE_WRITE,CLOSE
2025-01-06 04:30:15 /sys/class/gpio/gpiochip14,value MODIFY
2025-01-06 05:31:17 /dev/disk/by-id/ata-SanDisk_SSDPLUS_512G_5C0E4F5300000010 CLOSE_WRITE,CLOSE
2025-01-06 06:15:19 /var/log/apache2/error.log MODIFY
2025-01-06 07:30:21 /sys/class/scsi_host/host0/scan CREATE
2025-01-06 08:31:23 /etc/postfix/main.cf MODIFY
2025-01-06 09:00:27 /var/log/apt/history.log CLOSE_WRITE,CLOSE
2025-01-06 10:30:29 /sys/class/net/wlan0/statistics/packets CLOSE_WRITE,CLOSE
2025-01-06 11:31:31 /dev/vdb1 CLOSE_WRITE,CLOSE
2025-01-06 12:15:33 /var/cache/apt/archives/python3.9_3.9.5-1ubuntu2_amd64.deb CREATE
2025-01-06 13:30:35 /sys/class/gpio/gpiochip13,value MODIFY
2025-01-06 14:31:37 /etc/dpkg/status MODIFY
2025-01-06 15:00:41 /var/log/mysql/error.log CREATE
2025-01-06 16:30:43 /sys/class/scsi_host/host0/scan CLOSE_WRITE,CLOSE
2025-01-06 17:31:45 /dev/disk/by-id/ata-WDC_WD10EZEX-00L7NA0_5C1E4F5300000015 MODIFY
2025-01-06 18:15:47 /var/log/apache2/access.log MODIFY
2025-01-06 19:30:49 /sys/class/gpio/gpiochip14,value CLOSE_WRITE,CLOSE
2025-01-06 20:31:51 /etc/postfix/master.cf CLOSE_WRITE,CLOSE
2025-01-06 21:00:53 /var/log/ufw.log MODIFY
2025-01-06 22:30:55 /sys/class/scsi_host/host2/scan MODIFY
2025-01-06 23:31:57 /dev/vdb1 CREATE
2025-01-07 00:16:09 /var/cache/apt/archives/nginx_1.18.0-5ubuntu2_amd64.deb CLOSE_WRITE,CLOSE
2025-01-07 01:30:11 /sys/class/net/eth0/statistics/rx_bytes MODIFY
2025-01-07 02:31:13 /etc/dpkg/status CREATE
2025-01-07 03:15:15 /var/log/mysql/query.log CLOSE_WRITE,CLOSE
2025-01-07 04:30:17 /sys/class/gpio/gpiochip14,value MODIFY
2025-01-07 05:31:19 /dev/disk/by-id/ata-SanDisk_SSDPLUS_512G_5C0E4F5300000010 CLOSE_WRITE,CLOSE
2025-01-07 06:15:21 /var/log/apache2/error.log MODIFY
2025-01-07 07:30:23 /sys/class/scsi_host/host0/scan CREATE
2025-01-07 08:31:25 /etc/postfix/main.cf MODIFY
2025-01-07 09:00:29 /var/log/apt/history.log CLOSE_WRITE,CLOSE
2025-01-07 10:30:31 /sys/class/net/wlan1/statistics/rx_packets MODIFY
2025-01-07 11:31:33 /dev/vdb1 CLOSE_WRITE,CLOSE
2025-01-07 12:15:37 /var/cache/apt/archives/python3_3.9.5-1ubuntu2_amd64.deb CREATE
2025-01-07 13:30:39 /sys/class/gpio/gpiochip13,value MODIFY
2025-01-07 14:31:41 /etc/dpkg/status MODIFY
2025-01-07 15:00:45 /var/log/mysql/error.log CREATE
2025-01-07 16:30:47 /sys/class/scsi_host/host0/scan CLOSE_WRITE,CLOSE
2025-01-07 17:31:49 /dev/disk/by-id/ata-WDC_WD10EZEX-00L7NA0_5C1E4F5300000015 MODIFY
2025-01-07 18:15:51 /var/log/apache2/access.log MODIFY
2025-01-07 19:30:53 /sys/class/gpio/gpiochip14,value CLOSE_WRITE,CLOSE
2025-01-07 20:31:55 /etc/postfix/master.cf CLOSE_WRITE,CLOSE
2025-01-07 21:00:57 /var/log/ufw.log MODIFY
2025-01-07 22:30:59 /sys/class/scsi_host/host2/scan MODIFY
2025-01-07 23:32:01 /dev/vdb1 CREATE
2025-01-08 00:16:11 /var/cache/apt/archives/nginx-common_1.18.0-5ubuntu2_all.deb CLOSE_WRITE,CLOSE
2025-01-08 01:30:13 /sys/class/net/eth0/statistics/rx_packets MODIFY
2025-01-08 02:31:15 /etc/dpkg/status CREATE
2025-01-08 03:15:17 /var/log/mysql/query.log CLOSE_WRITE,CLOSE
2025-01-08 04:30:19 /sys/class/gpio/gpiochip14,value MODIFY
2025-01-08 05:31:21 /dev/disk/by-id/ata-SanDisk_SSDPLUS_512G_5C0E4F5300000010 CLOSE_WRITE,CLOSE
2025-01-08 06:15:23 /var/log/apache2/error.log MODIFY
2025-01-08 07:30:25 /sys/class/scsi_host/host0/scan CREATE
2025-01-08 08:31:27 /etc/postfix/main.cf MODIFY
2025-01-08 09:00:31 /var/log/apt/history.log CLOSE_WRITE,CLOSE
2025-01-08 10:30:33 /sys/class/net/wlan0/statistics/packets CLOSE_WRITE,CLOSE
2025-01-08 11:31:35 /dev/vdb1 CLOSE_WRITE,CLOSE
2025-01-08 12:15:39 /var/cache/apt/archives/python3.9_3.9.5-1ubuntu2_amd64.deb CREATE
2025-01-08 13:30:41 /sys/class/gpio/gpiochip13,value MODIFY
2025-01-08 14:31:43 /etc/dpkg/status MODIFY
2025-01-08 15:00:47 /var/log/mysql/error.log CREATE
2025-01-08 16:30:49 /sys/class/scsi_host/host0/scan CLOSE_WRITE,CLOSE
2025-01-08 17:31:51 /dev/disk/by-id/ata-WDC_WD10EZEX-00L7NA0_5C1E4F5300000015 MODIFY
2025-01-08 18:15:53 /var/log/apache2/access.log MODIFY
2025-01-08 19:30:55 /sys/class/gpio/gpiochip14,value CLOSE_WRITE,CLOSE
2025-01-08 20:31:57 /etc/postfix/master.cf CLOSE_WRITE,CLOSE
2025-01-08 21:00:59 /var/log/ufw.log MODIFY
2025-01-08 22:31:01 /sys/class/scsi_host/host2/scan MODIFY
2025-01-08 23:32:03 /dev/vdb1 CREATE
2025-01-09 00:16:13 /var/cache/apt/archives/nginx_1.18.0-5ubuntu2_amd64.deb CLOSE_WRITE,CLOSE
2025-01-09 01:30:15 /sys/class/net/eth0/statistics/rx_bytes MODIFY
2025-01-09 02:31:17 /etc/dpkg/status CREATE
2025-01-09 03:15:19 /var/log/mysql/query.log CLOSE_WRITE,CLOSE
2025-01-09 04:30:21 /sys/class/gpio/gpiochip14,value MODIFY
2025-01-09 05:31:23 /dev/disk/by-id/ata-SanDisk_SSDPLUS_512G_5C0E4F5300000010 CLOSE_WRITE,CLOSE
2025-01-09 06:15:25 /var/log/apache2/error.log MODIFY
2025-01-09 07:30:27 /sys/class/scsi_host/host0/scan CREATE
2025-01-09 08:31:29 /etc/postfix/main.cf MODIFY
2025-01-09 09:00:33 /var/log/apt/history.log CLOSE_WRITE,CLOSE
2025-01-09 10:30:35 /sys/class/net/wlan1/statistics/rx_packets MODIFY
2025-01-09 11:31:37 /dev/vdb1 CLOSE_WRITE,CLOSE
2025-01-09 12:15:41 /var/cache/apt/archives/python3_3.9.5-1ubuntu2_amd64.deb CREATE
2025-01-09 13:30:43 /sys/class/gpio/gpiochip13,value MODIFY
2025-01-09 14:31:45 /etc/dpkg/status MODIFY
2025-01-09 15:00:49 /var/log/mysql/error.log CREATE
2025-01-09 16:30:51 /sys/class/scsi_host/host0/scan CLOSE_WRITE,CLOSE
2025-01-09 17:31:53 /dev/disk/by-id/ata-WDC_WD10EZEX-00L7NA0_5C1E4F5300000015 MODIFY
2025-01-09 18:15:55 /var/log/apache2/access.log MODIFY
2025-01-09 19:30:57 /sys/class/gpio/gpiochip14,value CLOSE_WRITE,CLOSE
2025-01-09 20:31:59 /etc/postfix/master.cf CLOSE_WRITE,CLOSE
2025-01-09 21:00:61 /var/log/ufw.log MODIFY
2025-01-09 22:31:03 /sys/class/scsi_host/host2/scan MODIFY
2025-01-09 23:32:05 /dev/vdb1 CREATE
2025-01-10 00:16:15 /var/cache/apt/archives/nginx-common_1.18.0-5ubuntu2_all.deb CLOSE_WRITE,CLOSE
2025-01-10 01:30:17 /sys/class/net/eth0/statistics/rx_packets MODIFY
2025-01-10 02:31:19 /etc/dpkg/status CREATE
2025-01-10 03:15:21 /var/log/mysql/query.log CLOSE_WRITE,CLOSE
2025-01-10 04:30:23 /sys/class/gpio/gpiochip14,value MODIFY
2025-01-10 05:31:25 /dev/disk/by-id/ata-SanDisk_SSDPLUS_512G_5C0E4F5300000010 CLOSE_WRITE,CLOSE
2025-01-10 06:15:27 /var/log/apache2/error.log MODIFY
2025-01-10 07:30:29 /sys/class/scsi_host/host0/scan CREATE
2025-01-10 08:31:31 /etc/postfix/main.cf MODIFY
2025-01-10 09:00:35 /var/log/apt/history.log CLOSE_WRITE,CLOSE
2025-01-10 10:30:37 /sys/class/net/wlan0/statistics/packets CLOSE_WRITE,CLOSE
2025-01-10 11:31:39 /dev/vdb1 CLOSE_WRITE,CLOSE
2025-01-10 12:15:43 /var/cache/apt/archives/python3.9_3.9.5-1ubuntu2_amd64.deb CREATE
2025-01-10 13:30:45 /sys/class/gpio/gpiochip13,value MODIFY
2025-01-10 14:31:47 /etc/dpkg/status MODIFY
2025-01-10 15:00:51 /var/log/mysql/error.log CREATE
2025-01-10 16:30:53 /sys/class/scsi_host/host0/scan CLOSE_WRITE,CLOSE
2025-01-10 17:31:55 /dev/disk/by-id/ata-WDC_WD10EZEX-00L7NA0_5C1E4F5300000015 MODIFY
2025-01-10 18:15:57 /var/log/apache2/access.log MODIFY
2025-01-10 19:30:59 /sys/class/gpio/gpiochip14,value CLOSE_WRITE,CLOSE
2025-01-10 20:31:61 /etc/postfix/master.cf CLOSE_WRITE,CLOSE
2025-01-10 21:00:63 /var/log/ufw.log MODIFY
2025-01-10 22:31:05 /sys/class/scsi_host/host2/scan MODIFY
2025-01-10 23:32:07 /dev/vdb1 CREATE
2025-01-11 00:16:17 /var/cache/apt/archives/nginx_1.18.0-5ubuntu2_amd64.deb CLOSE_WRITE,CLOSE
2025-01-11 01:30:19 /sys/class/net/eth0/statistics/rx_bytes MODIFY
2025-01-11 02:31:21 /etc/dpkg/status CREATE
2025-01-11 03:15:23 /var/log/mysql/query.log CLOSE_WRITE,CLOSE
2025-01-11 04:30:25 /sys/class/gpio/gpiochip14,value MODIFY
2025-01-11 05:31:27 /dev/disk/by-id/ata-SanDisk_SSDPLUS_512G_5C0E4F5300000010 CLOSE_WRITE,CLOSE
2025-01-11 06:15:29 /var/log/apache2/error.log MODIFY
2025-01-11 07:30:31 /sys/class/scsi_host/host0/scan CREATE
2025-01-11 08:31:33 /etc/postfix/main.cf MODIFY
2025-01-11 09:00:37 /var/log/apt/history.log CLOSE_WRITE,CLOSE
2025-01-11 10:30:39 /sys/class/net/wlan1/statistics/rx_packets MODIFY
2025-01-11 11:31:41 /dev/vdb1 CLOSE_WRITE,CLOSE
2025-01-11 12:15:45 /var/cache/apt/archives/python3_3.9.5-1ubuntu2_amd64.deb CREATE
2025-01-11 13:30:47 /sys/class/gpio/gpiochip13,value MODIFY
2025-01-11 14:31:49 /etc/dpkg/status MODIFY
2025-01-11 15:00:53 /var/log/mysql/error.log CREATE
2025-01-11 16:30:55 /sys/class/scsi_host/host0/scan CLOSE_WRITE,CLOSE
2025-01-11 17:31:57 /dev/disk/by-id/ata-WDC_WD10EZEX-00L7NA0_5C1E4F5300000015 MODIFY
2025-01-11 18:15:59 /var/log/apache2/access.log MODIFY
2025-01-11 19:31:01 /sys/class/gpio/gpiochip14,value CLOSE_WRITE,CLOSE
2025-01-11 20:31:03 /etc/postfix/master.cf CLOSE_WRITE,CLOSE
2025-01-11 21:00:65 /var/log/ufw.log MODIFY
2025-01-11 22:31:07 /sys/class/scsi_host/host2/scan MODIFY
2025-01-11 23:32:09 /dev/vdb1 CREATE
2025-01-12 00:16:19 /var/cache/apt/archives/nginx-common_1.18.0-5ubuntu2_all.deb CLOSE_WRITE,CLOSE
2025-01-12 01:30:21 /sys/class/net/eth0/statistics/rx_packets MODIFY
2025-01-12 02:31:23 /etc/dpkg/status CREATE
2025-01-12 03:15:25 /var/log/mysql/query.log CLOSE_WRITE,CLOSE
2025-01-12 04:30:27 /sys/class/gpio/gpiochip14,value MODIFY
2025-01-12 05:31:29 /dev/disk/by-id/ata-SanDisk_SSDPLUS_512G_5C0E4F5300000010 CLOSE_WRITE,CLOSE
2025-01-12 06:15:31 /var/log/apache2/error.log MODIFY
2025-01-12 07:30:33 /sys/class/scsi_host/host0/scan CREATE
2025-01-12 08:31:35 /etc/postfix/main.cf MODIFY
2025-01-12 09:00:39 /var/log/apt/history.log CLOSE_WRITE,CLOSE
2025-01-12 10:30:41 /sys/class/net/wlan0/statistics/packets CLOSE_WRITE,CLOSE
2025-01-12 11:31:43 /dev/vdb1 CLOSE_WRITE,CLOSE
2025-01-12 12:15:47 /var/cache/apt/archives/python3.9_3.9.5-1ubuntu2_amd64.deb CREATE
2025-01-12 13:30:49 /sys/class/gpio/gpiochip13,value MODIFY
2025-01-12 14:31:51 /etc/dpkg/status MODIFY
2025-01-12 15:00:55 /var/log/mysql/error.log CREATE
2025-01-12 16:30:57 /sys/class/scsi_host/host0/scan CLOSE_WRITE,CLOSE
2025-01-12 17:31:59 /dev/disk/by-id/ata-WDC_WD10EZEX-00L7NA0_5C1E4F5300000015 MODIFY
2025-01-12 18:16:01 /var/log/apache2/access.log MODIFY
2025-01-12 19:31:03 /sys/class/gpio/gpiochip14,value CLOSE_WRITE,CLOSE
2025-01-12 20:31:05 /etc/postfix/master.cf CLOSE_WRITE,CLOSE
2025-01-12 21:00:67 /var/log/ufw.log MODIFY
2025-01-12 22:31:09 /sys/class/scsi_host/host2/scan MODIFY
2025-01-12 23:32:11 /dev/vdb1 CREATE
2025-01-13 00:16:21 /var/cache/apt/archives/nginx_1.18.0-5ubuntu2_amd64.deb CLOSE_WRITE,CLOSE
2025-01-13 01:30:23 /sys/class/net/eth0/statistics/rx_bytes MODIFY
2025-01-13 02:31:25 /etc/dpkg/status CREATE
2025-01-13 03:15:27 /var/log/mysql/query.log CLOSE_WRITE,CLOSE
2025-01-13 04:30:29 /sys/class/gpio/gpiochip14,value MODIFY
2025-01-13 05:31:31 /dev/disk/by-id/ata-SanDisk_SSDPLUS_512G_5C0E4F5300000010 CLOSE_WRITE,CLOSE
2025-01-13 06:15:33 /var/log/apache2/error.log MODIFY
2025-01-13 07:30:35 /sys/class/scsi_host/host0/scan CREATE
2025-01-13 08:31:37 /etc/postfix/main.cf MODIFY
2025-01-13 09:00:41 /var/log/apt/history.log CLOSE_WRITE,CLOSE
2025-01-13 10:30:43 /sys/class/net/wlan1/statistics/rx_packets MODIFY
2025-01-13 11:31:45 /dev/vdb1 CLOSE_WRITE,CLOSE
2025-01-13 12:15:49 /var/cache/apt/archives/python3_3.9.5-1ubuntu2_amd64.deb CREATE
2025-01-13 13:30:51 /sys/class/gpio/gpiochip13,value MODIFY
2025-01-13 14:31:53 /etc/dpkg/status MODIFY
2025-01-13 15:00:57 /var/log/mysql/error.log CREATE
2025-01-13 16:30:59 /sys/class/scsi_host/host0/scan CLOSE_WRITE,CLOSE
2025-01-13 17:31:61 /dev/disk/by-id/ata-WDC_WD10EZEX-00L7NA0_5C1E4F5300000015 MODIFY
2025-01-13 18:16:03 /var/log/apache2/access.log MODIFY
2025-01-13 19:31:05 /sys/class/gpio/gpiochip14,value CLOSE_WRITE,CLOSE
2025-01-13 20:31:07 /etc/postfix/master.cf CLOSE_WRITE,CLOSE
2025-01-13 21:00:69 /var/log/ufw.log MODIFY
2025-01-13 22:31:11 /sys/class/scsi_host/host2/scan MODIFY
2025-01-13 23:32:13 /dev/vdb1 CREATE
